<?xml version="1.0" encoding="UTF-8"?>
<!-- Generated by org.testng.reporters.JUnitReportReporter -->
<testsuite hostname="DESKTOP-M9K0K0L" failures="0" tests="4" name="rahul_shetty_testNg.day6" time="0.013" errors="0" timestamp="2024-01-03T10:53:02 IST" skipped="0">
  <testcase classname="rahul_shetty_testNg.day6" name="dataProvider" time="0.002"/>
  <testcase classname="rahul_shetty_testNg.day6" name="dataProvider" time="0.008"/>
  <testcase classname="rahul_shetty_testNg.day6" name="parameterisation" time="0.002"/>
  <testcase classname="rahul_shetty_testNg.day6" name="dataProvider" time="0.001"/>
</testsuite> <!-- rahul_shetty_testNg.day6 -->
