<?xml version="1.0" encoding="UTF-8"?>
<!-- Generated by org.testng.reporters.JUnitReportReporter -->
<testsuite ignored="0" hostname="DESKTOP-M9K0K0L" failures="0" tests="5" name="testNg_test.day5" time="0.011" errors="0" timestamp="02 Jan 2024 15:23:52 GMT" skipped="0">
  <testcase classname="testNg_test.day5" name="test3" time="0.002"/>
  <testcase classname="testNg_test.day5" name="test1" time="0.007"/>
  <testcase classname="testNg_test.day5" name="test2" time="0.000"/>
  <testcase classname="testNg_test.day5" name="test5" time="0.000"/>
  <testcase classname="testNg_test.day5" name="test4" time="0.002"/>
</testsuite> <!-- testNg_test.day5 -->
