<?xml version="1.0" encoding="UTF-8"?>
<!-- Generated by org.testng.reporters.JUnitReportReporter -->
<testsuite hostname="DESKTOP-M9K0K0L" failures="0" tests="3" name="rahul_shetty_testNg.day4" time="0.007" errors="0" timestamp="2024-01-03T11:23:38 IST" skipped="0">
  <testcase classname="rahul_shetty_testNg.day4" name="api_Login_home_loan" time="0.002"/>
  <testcase classname="rahul_shetty_testNg.day4" name="Web_login_home_loan" time="0.003"/>
  <testcase classname="rahul_shetty_testNg.day4" name="mobile_login_home_loan" time="0.002"/>
</testsuite> <!-- rahul_shetty_testNg.day4 -->
