<?xml version="1.0" encoding="UTF-8"?>
<!-- Generated by org.testng.reporters.JUnitReportReporter -->
<testsuite ignored="0" hostname="DESKTOP-M9K0K0L" failures="0" tests="1" name="All_testNg.annotation" time="0.015" errors="0" timestamp="02 Jan 2024 08:43:28 GMT" skipped="0">
  <testcase classname="All_testNg.annotation" name="test1" time="0.015"/>
</testsuite> <!-- All_testNg.annotation -->
