<?xml version="1.0" encoding="UTF-8"?>
<!-- Generated by org.testng.reporters.JUnitReportReporter -->
<testsuite hostname="DESKTOP-M9K0K0L" failures="0" tests="7" name="rahul_shetty_testNg.day3" time="0.013" errors="0" timestamp="2024-01-03T11:23:38 IST" skipped="0">
  <testcase classname="rahul_shetty_testNg.day3" name="Web_login_car_loan" time="0.002"/>
  <testcase classname="rahul_shetty_testNg.day3" name="api_Login_car_loan" time="0.001"/>
  <testcase classname="rahul_shetty_testNg.day3" name="mobile_login_car_loan3" time="0.002"/>
  <testcase classname="rahul_shetty_testNg.day3" name="mobile_login_car_loan1" time="0.001"/>
  <testcase classname="rahul_shetty_testNg.day3" name="mobile_login_car_loan4" time="0.004"/>
  <testcase classname="rahul_shetty_testNg.day3" name="mobile_login_car_loan" time="0.002"/>
  <testcase classname="rahul_shetty_testNg.day3" name="mobile_login_car_loan2" time="0.001"/>
</testsuite> <!-- rahul_shetty_testNg.day3 -->
