<?xml version="1.0" encoding="UTF-8"?>
<!-- Generated by org.testng.reporters.JUnitReportReporter -->
<testsuite hostname="DESKTOP-M9K0K0L" failures="0" tests="1" name="rahul_shetty_testNg.day2" time="0.002" errors="0" timestamp="2024-01-03T11:23:38 IST" skipped="0">
  <testcase classname="rahul_shetty_testNg.day2" name="p_loan" time="0.002"/>
</testsuite> <!-- rahul_shetty_testNg.day2 -->
